Arguments: 
  C:\Program Files\nodejs\node.exe C:\Program Files (x86)\Yarn\bin\yarn.js add netlify-cli-g

PATH: 
  C:\Users\lamne\bin;C:\Program Files\Git\mingw64\bin;C:\Program Files\Git\usr\local\bin;C:\Program Files\Git\usr\bin;C:\Program Files\Git\usr\bin;C:\Program Files\Git\mingw64\bin;C:\Program Files\Git\usr\bin;C:\Users\lamne\bin;C:\Program Files (x86)\Common Files\Oracle\Java\javapath;C:\Windows\system32;C:\Windows;C:\Windows\System32\Wbem;C:\Windows\System32\WindowsPowerShell\v1.0;C:\Windows\System32\OpenSSH;C:\Program Files\nodejs;C:\Program Files\Git\cmd;C:\Program Files (x86)\Yarn\bin;C:\ProgramData\ComposerSetup\bin;C:\cygwin64\bin;C:\Program Files\Java\jdk-12.0.2\bin;C:\Users\lamne\AppData\Local\Programs\Microsoft VS Code\bin;C:\Program Files\Git\usr\bin\vendor_perl;C:\Program Files\Git\usr\bin\core_perl

Yarn version: 
  1.17.3

Node version: 
  10.16.0

Platform: 
  win32 x64

Trace: 
  Error: https://registry.yarnpkg.com/netlify-cli-g: Not found
      at Request.params.callback [as _callback] (C:\Program Files (x86)\Yarn\lib\cli.js:65939:18)
      at Request.self.callback (C:\Program Files (x86)\Yarn\lib\cli.js:140464:22)
      at Request.emit (events.js:198:13)
      at Request.<anonymous> (C:\Program Files (x86)\Yarn\lib\cli.js:141436:10)
      at Request.emit (events.js:198:13)
      at IncomingMessage.<anonymous> (C:\Program Files (x86)\Yarn\lib\cli.js:141358:12)
      at Object.onceWrapper (events.js:286:20)
      at IncomingMessage.emit (events.js:203:15)
      at endReadableNT (_stream_readable.js:1129:12)
      at process._tickCallback (internal/process/next_tick.js:63:19)

npm manifest: 
  {
    "title": "Scrolling Nav",
    "name": "startbootstrap-scrolling-nav",
    "version": "4.0.0",
    "description": "A smooth scrolling navigation HTML template built with Bootstrap",
    "keywords": [
      "css",
      "sass",
      "html",
      "responsive",
      "theme",
      "template"
    ],
    "homepage": "https://startbootstrap.com/template-overviews/scrolling-nav",
    "bugs": {
      "url": "https://github.com/BlackrockDigital/startbootstrap-scrolling-nav/issues",
      "email": "feedback@startbootstrap.com"
    },
    "license": "MIT",
    "author": "Start Bootstrap",
    "contributors": [
      "David Miller (http://davidmiller.io/)"
    ],
    "repository": {
      "type": "git",
      "url": "git+https://github.com/BlackrockDigital/startbootstrap-scrolling-nav.git"
    },
    "dependencies": {
      "bootstrap": "4.0.0",
      "jquery": "3.3.1",
      "jquery.easing": "^1.4.1"
    },
    "devDependencies": {
      "browser-sync": "2.23.6",
      "gulp": "^3.9.1"
    },
    "main": "gulpfile.js",
    "scripts": {
      "test": "echo \"Error: no test specified\" && exit 1"
    }
  }

yarn manifest: 
  No manifest

Lockfile: 
  No lockfile
